\BOOKMARK [1][-]{section.1}{\376\377\000I\000n\000t\000r\000o\000d\000u\000k\000t\000i\000o\000n}{}% 1
\BOOKMARK [1][-]{section.2}{\376\377\000M\000e\000t\000h\000o\000d\000o\000l\000o\000g\000y}{}% 2
\BOOKMARK [2][-]{subsection.2.1}{\376\377\000D\000e\000c\000o\000n\000v\000o\000l\000u\000t\000i\000o\000n}{section.2}% 3
\BOOKMARK [2][-]{subsection.2.2}{\376\377\000E\000s\000t\000i\000m\000a\000t\000i\000o\000n\000\040\000m\000e\000t\000h\000o\000d\000s}{section.2}% 4
\BOOKMARK [3][-]{subsubsection.2.2.1}{\376\377\000M\000e\000t\000h\000o\000d\000\040\000o\000f\000\040\000M\000o\000m\000e\000n\000t\000s}{subsection.2.2}% 5
\BOOKMARK [3][-]{subsubsection.2.2.2}{\376\377\000M\000a\000x\000i\000m\000u\000m\000-\000l\000i\000k\000e\000l\000i\000h\000o\000o\000d\000\040\000m\000e\000t\000h\000o\000d\000\040\000M\000L}{subsection.2.2}% 6
\BOOKMARK [2][-]{subsection.2.3}{\376\377\000M\000a\000t\000r\000i\000x\000\040\000p\000o\000p\000u\000l\000a\000t\000i\000o\000n\000\040\000m\000o\000d\000e\000l\000s}{section.2}% 7
\BOOKMARK [3][-]{subsubsection.2.3.1}{\376\377\000L\000e\000s\000l\000i\000e\000\040\000M\000a\000t\000r\000i\000x}{subsection.2.3}% 8
\BOOKMARK [3][-]{subsubsection.2.3.2}{\376\377\000C\000o\000m\000p\000u\000t\000i\000n\000g\000\040\000a\000g\000e\000\040\000d\000i\000s\000t\000r\000i\000b\000u\000t\000i\000o\000n\000\040\000f\000r\000o\000m\000\040\000a\000\040\000L\000e\000s\000l\000i\000e\000\040\000m\000a\000t\000r\000i\000x}{subsection.2.3}% 9
\BOOKMARK [3][-]{subsubsection.2.3.3}{\376\377\000P\000o\000p\000u\000l\000a\000t\000i\000o\000n\000\040\000f\000o\000r\000e\000c\000a\000s\000t}{subsection.2.3}% 10
\BOOKMARK [2][-]{subsection.2.4}{\376\377\000E\000v\000a\000l\000u\000a\000t\000i\000o\000n\000\040\000m\000e\000t\000r\000i\000c\000:\000\040\000t\000o\000t\000a\000l\000\040\000v\000a\000r\000i\000a\000t\000i\000o\000n\000\040\000d\000i\000s\000t\000a\000n\000c\000e\000\040\000\050\000T\000V\000\051}{section.2}% 11
\BOOKMARK [1][-]{section.3}{\376\377\000S\000i\000m\000u\000l\000a\000t\000i\000o\000n\000\040\000S\000t\000u\000d\000y}{}% 12
\BOOKMARK [2][-]{subsection.3.1}{\376\377\000S\000i\000m\000u\000l\000a\000t\000e\000d\000\040\000A\000g\000e\000\040\000D\000i\000s\000t\000r\000i\000b\000u\000t\000i\000o\000n\000s}{section.3}% 13
\BOOKMARK [2][-]{subsection.3.2}{\376\377\000E\000r\000r\000o\000r\000\040\000t\000e\000r\000m}{section.3}% 14
\BOOKMARK [2][-]{subsection.3.3}{\376\377\000S\000i\000m\000u\000l\000a\000t\000i\000o\000n\000\040\000d\000e\000s\000i\000g\000n}{section.3}% 15
\BOOKMARK [2][-]{subsection.3.4}{\376\377\000S\000i\000m\000u\000l\000a\000t\000i\000o\000n\000\040\000p\000r\000o\000c\000e\000d\000u\000r\000e}{section.3}% 16
\BOOKMARK [1][-]{section.4}{\376\377\000R\000e\000s\000u\000l\000t\000s}{}% 17
\BOOKMARK [2][-]{subsection.4.1}{\376\377\000R\000e\000c\000o\000v\000e\000r\000y\000\040\000o\000f\000\040\000l\000a\000t\000e\000n\000t\000\040\000a\000g\000e\000\040\000d\000i\000s\000t\000r\000i\000b\000u\000t\000i\000o\000n}{section.4}% 18
\BOOKMARK [2][-]{subsection.4.2}{\376\377\000S\000a\000m\000p\000l\000e\000\040\000s\000i\000z\000e\000\040\000e\000f\000f\000e\000c\000t\000\040\000o\000n\000\040\000T\000V}{section.4}% 19
\BOOKMARK [2][-]{subsection.4.3}{\376\377\000P\000o\000p\000u\000l\000a\000t\000i\000o\000n\000\040\000f\000o\000r\000e\000c\000a\000s\000t}{section.4}% 20
\BOOKMARK [1][-]{section.5}{\376\377\000A\000n\000a\000l\000y\000s\000i\000s\000\040\000/\000\040\000D\000i\000s\000c\000u\000s\000s\000i\000o\000n}{}% 21
\BOOKMARK [2][-]{subsection.5.1}{\376\377\000P\000r\000o\000p\000e\000r\000t\000i\000e\000s\000\040\000o\000f\000\040\000e\000s\000t\000i\000m\000a\000t\000o\000r\000s}{section.5}% 22
\BOOKMARK [2][-]{subsection.5.2}{\376\377\000P\000r\000a\000c\000t\000i\000c\000a\000l\000\040\000I\000m\000p\000l\000i\000c\000a\000t\000i\000o\000n\000s}{section.5}% 23
\BOOKMARK [2][-]{subsection.5.3}{\376\377\000V\000i\000a\000b\000i\000l\000i\000t\000y\000\040\000o\000f\000\040\000a\000s\000s\000u\000m\000p\000t\000i\000o\000n\000s\000\040\000\046\000\040\000i\000m\000p\000r\000o\000v\000e\000m\000e\000n\000t\000s}{section.5}% 24
\BOOKMARK [1][-]{section.6}{\376\377\000A\000p\000p\000e\000n\000d\000i\000x}{}% 25
